Determining if the pthread_create exist failed with the following output:
Change Dir: /home/casch/ws_moveit/build/CMakeFiles/CMakeTmp

Run Build Command:"/usr/bin/make" "cmTC_aa3ce/fast"
/usr/bin/make -f CMakeFiles/cmTC_aa3ce.dir/build.make CMakeFiles/cmTC_aa3ce.dir/build
make[1]: Entering directory '/home/casch/ws_moveit/build/CMakeFiles/CMakeTmp'
Building C object CMakeFiles/cmTC_aa3ce.dir/CheckSymbolExists.c.o
/usr/bin/cc    -o CMakeFiles/cmTC_aa3ce.dir/CheckSymbolExists.c.o   -c /home/casch/ws_moveit/build/CMakeFiles/CMakeTmp/CheckSymbolExists.c
Linking C executable cmTC_aa3ce
/usr/bin/cmake -E cmake_link_script CMakeFiles/cmTC_aa3ce.dir/link.txt --verbose=1
/usr/bin/cc      -rdynamic CMakeFiles/cmTC_aa3ce.dir/CheckSymbolExists.c.o  -o cmTC_aa3ce 
CMakeFiles/cmTC_aa3ce.dir/CheckSymbolExists.c.o: In function `main':
CheckSymbolExists.c:(.text+0x1b): undefined reference to `pthread_create'
collect2: error: ld returned 1 exit status
CMakeFiles/cmTC_aa3ce.dir/build.make:97: recipe for target 'cmTC_aa3ce' failed
make[1]: *** [cmTC_aa3ce] Error 1
make[1]: Leaving directory '/home/casch/ws_moveit/build/CMakeFiles/CMakeTmp'
Makefile:126: recipe for target 'cmTC_aa3ce/fast' failed
make: *** [cmTC_aa3ce/fast] Error 2

File /home/casch/ws_moveit/build/CMakeFiles/CMakeTmp/CheckSymbolExists.c:
/* */
#include <pthread.h>

int main(int argc, char** argv)
{
  (void)argv;
#ifndef pthread_create
  return ((int*)(&pthread_create))[argc];
#else
  (void)argc;
  return 0;
#endif
}

Determining if the function pthread_create exists in the pthreads failed with the following output:
Change Dir: /home/casch/ws_moveit/build/CMakeFiles/CMakeTmp

Run Build Command:"/usr/bin/make" "cmTC_23ef5/fast"
/usr/bin/make -f CMakeFiles/cmTC_23ef5.dir/build.make CMakeFiles/cmTC_23ef5.dir/build
make[1]: Entering directory '/home/casch/ws_moveit/build/CMakeFiles/CMakeTmp'
Building C object CMakeFiles/cmTC_23ef5.dir/CheckFunctionExists.c.o
/usr/bin/cc   -DCHECK_FUNCTION_EXISTS=pthread_create   -o CMakeFiles/cmTC_23ef5.dir/CheckFunctionExists.c.o   -c /usr/share/cmake-3.10/Modules/CheckFunctionExists.c
Linking C executable cmTC_23ef5
/usr/bin/cmake -E cmake_link_script CMakeFiles/cmTC_23ef5.dir/link.txt --verbose=1
/usr/bin/cc  -DCHECK_FUNCTION_EXISTS=pthread_create    -rdynamic CMakeFiles/cmTC_23ef5.dir/CheckFunctionExists.c.o  -o cmTC_23ef5 -lpthreads 
/usr/bin/ld: cannot find -lpthreads
collect2: error: ld returned 1 exit status
CMakeFiles/cmTC_23ef5.dir/build.make:97: recipe for target 'cmTC_23ef5' failed
make[1]: *** [cmTC_23ef5] Error 1
make[1]: Leaving directory '/home/casch/ws_moveit/build/CMakeFiles/CMakeTmp'
Makefile:126: recipe for target 'cmTC_23ef5/fast' failed
make: *** [cmTC_23ef5/fast] Error 2


